<?xml version="1.0" encoding="UTF-8"?>
<testsuite xmlns:xsi="http://www.w3.org/2001/XMLSchema-instance" xsi:noNamespaceSchemaLocation="https://maven.apache.org/surefire/maven-surefire-plugin/xsd/surefire-test-report.xsd" name="com.ChanelProject.TestRunner" time="45.441" tests="10" errors="2" skipped="5" failures="0">
  <properties>
[...]
</properties>
  <testcase name="Given je navigue sur le site chanel" classname="Scenario: Acheter Produit Rouge Allure" time="0.001"/>
  <testcase name="Then je verifie si le site saffiche" classname="Scenario: Acheter Produit Rouge Allure" time="0"/>
  <testcase name="When Accès à la catégorie Makeup" classname="Scenario: Acheter Produit Rouge Allure" time="0"/>
  <testcase name="And je choisie le categorie Lipstick" classname="Scenario: Acheter Produit Rouge Allure" time="0.021">
    <error message="element not interactable&#10;  (Session info: chrome=98.0.4758.102)&#10;  (Driver info: chromedriver=98.0.4758.102 (273bf7ac8c909cde36982d27f66f3c70846a3718-refs/branch-heads/4758@{#1151}),platform=Windows NT 10.0.19042 x86_64) (WARNING: The server did not provide any stacktrace information)&#10;Command duration or timeout: 234 milliseconds&#10;Build info: version: &apos;2.47.1&apos;, revision: &apos;unknown&apos;, time: &apos;2015-07-30 11:02:44&apos;&#10;System info: host: &apos;DESKTOP-0MVFVE5&apos;, ip: &apos;192.168.100.136&apos;, os.name: &apos;Windows 10&apos;, os.arch: &apos;amd64&apos;, os.version: &apos;10.0&apos;, java.version: &apos;11.0.12&apos;&#10;Driver info: org.openqa.selenium.chrome.ChromeDriver&#10;Capabilities [{mobileEmulationEnabled=false, timeouts={implicit=0, pageLoad=300000, script=30000}, hasTouchScreen=false, platform=XP, acceptSslCerts=false, goog:chromeOptions={debuggerAddress=localhost:49730}, webauthn:extension:credBlob=true, acceptInsecureCerts=false, webStorageEnabled=true, browserName=chrome, takesScreenshot=true, javascriptEnabled=true, setWindowRect=true, webauthn:extension:largeBlob=true, unexpectedAlertBehaviour=ignore, rotatable=false, networkConnectionEnabled=false, chrome={chromedriverVersion=98.0.4758.102 (273bf7ac8c909cde36982d27f66f3c70846a3718-refs/branch-heads/4758@{#1151}), userDataDir=C:\Users\medya\AppData\Local\Temp\scoped_dir8052_274479290}, takesHeapSnapshot=true, pageLoadStrategy=normal, strictFileInteractability=false, databaseEnabled=false, handlesAlerts=true, version=98.0.4758.102, browserConnectionEnabled=false, proxy={}, nativeEvents=true, locationContextEnabled=true, cssSelectorsEnabled=true, webauthn:virtualAuthenticators=true}]&#10;Session ID: 7df18336886e3992bc9a54930e500de2" type="org.openqa.selenium.ElementNotVisibleException">org.openqa.selenium.ElementNotVisibleException: 
element not interactable
  (Session info: chrome=98.0.4758.102)
  (Driver info: chromedriver=98.0.4758.102 (273bf7ac8c909cde36982d27f66f3c70846a3718-refs/branch-heads/4758@{#1151}),platform=Windows NT 10.0.19042 x86_64) (WARNING: The server did not provide any stacktrace information)
Command duration or timeout: 234 milliseconds
Build info: version: '2.47.1', revision: 'unknown', time: '2015-07-30 11:02:44'
System info: host: 'DESKTOP-0MVFVE5', ip: '192.168.100.136', os.name: 'Windows 10', os.arch: 'amd64', os.version: '10.0', java.version: '11.0.12'
Driver info: org.openqa.selenium.chrome.ChromeDriver
Capabilities [{mobileEmulationEnabled=false, timeouts={implicit=0, pageLoad=300000, script=30000}, hasTouchScreen=false, platform=XP, acceptSslCerts=false, goog:chromeOptions={debuggerAddress=localhost:49730}, webauthn:extension:credBlob=true, acceptInsecureCerts=false, webStorageEnabled=true, browserName=chrome, takesScreenshot=true, javascriptEnabled=true, setWindowRect=true, webauthn:extension:largeBlob=true, unexpectedAlertBehaviour=ignore, rotatable=false, networkConnectionEnabled=false, chrome={chromedriverVersion=98.0.4758.102 (273bf7ac8c909cde36982d27f66f3c70846a3718-refs/branch-heads/4758@{#1151}), userDataDir=C:\Users\medya\AppData\Local\Temp\scoped_dir8052_274479290}, takesHeapSnapshot=true, pageLoadStrategy=normal, strictFileInteractability=false, databaseEnabled=false, handlesAlerts=true, version=98.0.4758.102, browserConnectionEnabled=false, proxy={}, nativeEvents=true, locationContextEnabled=true, cssSelectorsEnabled=true, webauthn:virtualAuthenticators=true}]
Session ID: 7df18336886e3992bc9a54930e500de2
</error>
  </testcase>
  <testcase name="Scenario: Acheter Produit Rouge Allure" classname="Scenario: Acheter Produit Rouge Allure" time="0.022">
    <error message="element not interactable&#10;  (Session info: chrome=98.0.4758.102)&#10;  (Driver info: chromedriver=98.0.4758.102 (273bf7ac8c909cde36982d27f66f3c70846a3718-refs/branch-heads/4758@{#1151}),platform=Windows NT 10.0.19042 x86_64) (WARNING: The server did not provide any stacktrace information)&#10;Command duration or timeout: 234 milliseconds&#10;Build info: version: &apos;2.47.1&apos;, revision: &apos;unknown&apos;, time: &apos;2015-07-30 11:02:44&apos;&#10;System info: host: &apos;DESKTOP-0MVFVE5&apos;, ip: &apos;192.168.100.136&apos;, os.name: &apos;Windows 10&apos;, os.arch: &apos;amd64&apos;, os.version: &apos;10.0&apos;, java.version: &apos;11.0.12&apos;&#10;Driver info: org.openqa.selenium.chrome.ChromeDriver&#10;Capabilities [{mobileEmulationEnabled=false, timeouts={implicit=0, pageLoad=300000, script=30000}, hasTouchScreen=false, platform=XP, acceptSslCerts=false, goog:chromeOptions={debuggerAddress=localhost:49730}, webauthn:extension:credBlob=true, acceptInsecureCerts=false, webStorageEnabled=true, browserName=chrome, takesScreenshot=true, javascriptEnabled=true, setWindowRect=true, webauthn:extension:largeBlob=true, unexpectedAlertBehaviour=ignore, rotatable=false, networkConnectionEnabled=false, chrome={chromedriverVersion=98.0.4758.102 (273bf7ac8c909cde36982d27f66f3c70846a3718-refs/branch-heads/4758@{#1151}), userDataDir=C:\Users\medya\AppData\Local\Temp\scoped_dir8052_274479290}, takesHeapSnapshot=true, pageLoadStrategy=normal, strictFileInteractability=false, databaseEnabled=false, handlesAlerts=true, version=98.0.4758.102, browserConnectionEnabled=false, proxy={}, nativeEvents=true, locationContextEnabled=true, cssSelectorsEnabled=true, webauthn:virtualAuthenticators=true}]&#10;Session ID: 7df18336886e3992bc9a54930e500de2" type="org.openqa.selenium.ElementNotVisibleException">org.openqa.selenium.ElementNotVisibleException: 
element not interactable
  (Session info: chrome=98.0.4758.102)
  (Driver info: chromedriver=98.0.4758.102 (273bf7ac8c909cde36982d27f66f3c70846a3718-refs/branch-heads/4758@{#1151}),platform=Windows NT 10.0.19042 x86_64) (WARNING: The server did not provide any stacktrace information)
Command duration or timeout: 234 milliseconds
Build info: version: '2.47.1', revision: 'unknown', time: '2015-07-30 11:02:44'
System info: host: 'DESKTOP-0MVFVE5', ip: '192.168.100.136', os.name: 'Windows 10', os.arch: 'amd64', os.version: '10.0', java.version: '11.0.12'
Driver info: org.openqa.selenium.chrome.ChromeDriver
Capabilities [{mobileEmulationEnabled=false, timeouts={implicit=0, pageLoad=300000, script=30000}, hasTouchScreen=false, platform=XP, acceptSslCerts=false, goog:chromeOptions={debuggerAddress=localhost:49730}, webauthn:extension:credBlob=true, acceptInsecureCerts=false, webStorageEnabled=true, browserName=chrome, takesScreenshot=true, javascriptEnabled=true, setWindowRect=true, webauthn:extension:largeBlob=true, unexpectedAlertBehaviour=ignore, rotatable=false, networkConnectionEnabled=false, chrome={chromedriverVersion=98.0.4758.102 (273bf7ac8c909cde36982d27f66f3c70846a3718-refs/branch-heads/4758@{#1151}), userDataDir=C:\Users\medya\AppData\Local\Temp\scoped_dir8052_274479290}, takesHeapSnapshot=true, pageLoadStrategy=normal, strictFileInteractability=false, databaseEnabled=false, handlesAlerts=true, version=98.0.4758.102, browserConnectionEnabled=false, proxy={}, nativeEvents=true, locationContextEnabled=true, cssSelectorsEnabled=true, webauthn:virtualAuthenticators=true}]
Session ID: 7df18336886e3992bc9a54930e500de2
</error>
  </testcase>
  <testcase name="And je Clique sur le produit ROUGE ALLURE" classname="Scenario: Acheter Produit Rouge Allure" time="0">
    <skipped/>
  </testcase>
  <testcase name="And j Ajoute le produit au panier" classname="Scenario: Acheter Produit Rouge Allure" time="0">
    <skipped/>
  </testcase>
  <testcase name="Then verifie si le Nom de produit &quot;ROUGE ALLURE&quot; est dans le panier" classname="Scenario: Acheter Produit Rouge Allure" time="0">
    <skipped/>
  </testcase>
  <testcase name="And verifie la quantité de produit  est egal &quot;1&quot;" classname="Scenario: Acheter Produit Rouge Allure" time="0">
    <skipped/>
  </testcase>
  <testcase name="And verifie le total panier est égal au prix du produit &quot;$45.00&quot;" classname="Scenario: Acheter Produit Rouge Allure" time="0">
    <skipped/>
  </testcase>
</testsuite>