<?xml version="1.0" encoding="UTF-8"?>
<testsuite xmlns:xsi="http://www.w3.org/2001/XMLSchema-instance" xsi:noNamespaceSchemaLocation="https://maven.apache.org/surefire/maven-surefire-plugin/xsd/surefire-test-report.xsd" name="com.ChanelProject.TestRunner" time="18.94" tests="10" errors="0" skipped="0" failures="0">
  <properties>
[...]
</properties>
  <testcase name="Given je navigue sur le site chanel" classname="Scenario: Acheter Produit Rouge Allure" time="0.001"/>
  <testcase name="Then je verifie si le site saffiche" classname="Scenario: Acheter Produit Rouge Allure" time="0"/>
  <testcase name="When Accès à la catégorie Makeup" classname="Scenario: Acheter Produit Rouge Allure" time="0.001"/>
  <testcase name="And je choisie le categorie Lipstick" classname="Scenario: Acheter Produit Rouge Allure" time="0"/>
  <testcase name="And je Clique sur le produit ROUGE ALLURE" classname="Scenario: Acheter Produit Rouge Allure" time="0"/>
  <testcase name="And j Ajoute le produit au panier" classname="Scenario: Acheter Produit Rouge Allure" time="0"/>
  <testcase name="Then verifie si le Nom de produit &quot;ROUGE ALLURE&quot; est dans le panier" classname="Scenario: Acheter Produit Rouge Allure" time="0"/>
  <testcase name="And verifie la quantité de produit  est egal &quot;1&quot;" classname="Scenario: Acheter Produit Rouge Allure" time="0"/>
  <testcase name="And verifie le total panier est égal au prix du produit &quot;$45.00&quot;" classname="Scenario: Acheter Produit Rouge Allure" time="0"/>
  <testcase name="Scenario: Acheter Produit Rouge Allure" classname="Scenario: Acheter Produit Rouge Allure" time="1.328"/>
</testsuite>